2025-05-15 01:43:48,700 - INFO - Inï¿½cio da execuï¿½ï¿½o do sistema.
2025-05-15 01:43:59,756 - INFO - Encerramento do sistema solicitado.
2025-05-15 01:44:11,521 - INFO - Inï¿½cio da execuï¿½ï¿½o do sistema.
2025-05-15 01:44:13,390 - INFO - Usuï¿½rio selecionou o menu de usuï¿½rio.
2025-05-15 01:44:23,333 - INFO - Encerramento do sistema solicitado.
2025-05-15 02:12:36,028 - INFO - Inï¿½cio da execuï¿½ï¿½o do sistema.
2025-05-15 02:12:38,006 - INFO - Usuï¿½rio selecionou o menu de administrador.
2025-05-15 02:28:12,278 - INFO - Inï¿½cio da execuï¿½ï¿½o do sistema.
2025-05-15 02:28:18,509 - INFO - Usuï¿½rio selecionou o menu de administrador.
2025-05-15 02:29:50,480 - INFO - Inï¿½cio da execuï¿½ï¿½o do sistema.
2025-05-15 02:30:03,113 - INFO - Usuï¿½rio selecionou o menu de administrador.
2025-05-15 02:30:36,863 - INFO - Encerramento do sistema solicitado.
2025-05-15 02:31:41,834 - INFO - Inï¿½cio da execuï¿½ï¿½o do sistema.
2025-05-15 02:31:51,149 - INFO - Usuï¿½rio selecionou o menu de usuï¿½rio.
2025-05-15 02:33:42,396 - INFO - Inï¿½cio da execuï¿½ï¿½o do sistema.
2025-05-15 02:33:44,255 - INFO - Usuï¿½rio selecionou o menu de usuï¿½rio.
2025-05-15 02:36:12,002 - INFO - Inï¿½cio da execuï¿½ï¿½o do sistema.
2025-05-15 02:36:13,630 - INFO - Usuï¿½rio selecionou o menu de usuï¿½rio.
2025-05-15 02:36:34,496 - INFO - Usuï¿½rio selecionou o menu de administrador.
2025-05-15 02:38:30,194 - INFO - Inï¿½cio da execuï¿½ï¿½o do sistema.
2025-05-15 02:38:31,755 - INFO - Usuï¿½rio selecionou o menu de usuï¿½rio.
2025-05-15 02:40:04,088 - INFO - Inï¿½cio da execuï¿½ï¿½o do sistema.
2025-05-15 02:40:06,121 - INFO - Usuï¿½rio selecionou o menu de administrador.
2025-05-15 02:42:49,023 - INFO - Inï¿½cio da execuï¿½ï¿½o do sistema.
2025-05-15 02:42:50,219 - INFO - Usuï¿½rio selecionou o menu de administrador.
2025-05-15 02:51:20,288 - INFO - Inï¿½cio da execuï¿½ï¿½o do sistema.
2025-05-15 02:51:21,564 - INFO - Usuï¿½rio selecionou o menu de administrador.
2025-05-15 02:58:46,358 - INFO - Inï¿½cio da execuï¿½ï¿½o do sistema.
2025-05-15 02:58:48,430 - INFO - Usuï¿½rio selecionou o menu de administrador.
2025-05-15 03:00:49,645 - INFO - Usuï¿½rio selecionou o menu de usuï¿½rio.
2025-05-15 03:01:56,269 - INFO - Encerramento do sistema solicitado.
2025-05-15 03:03:36,929 - INFO - Inï¿½cio da execuï¿½ï¿½o do sistema.
2025-05-15 03:03:38,566 - INFO - Usuï¿½rio selecionou o menu de administrador.
2025-05-15 03:06:17,324 - INFO - Inï¿½cio da execuï¿½ï¿½o do sistema.
2025-05-15 03:06:18,435 - INFO - Usuï¿½rio selecionou o menu de administrador.
2025-05-15 03:06:41,883 - INFO - Encerramento do sistema solicitado.
2025-05-15 03:21:33,050 - INFO - Inï¿½cio da execuï¿½ï¿½o do sistema.
2025-05-15 03:21:34,512 - INFO - Usuï¿½rio selecionou o menu de usuï¿½rio.
2025-05-15 03:21:54,635 - INFO - Encerramento do sistema solicitado.2025-05-19 12:04:04,532 - INFO - Inï¿½cio da execuï¿½ï¿½o do sistema.
2025-05-19 12:04:07,461 - INFO - Usuï¿½rio selecionou o menu de administrador.
2025-05-19 12:04:20,874 - INFO - Inï¿½cio da execuï¿½ï¿½o do sistema.
2025-05-19 12:04:24,470 - INFO - Usuï¿½rio selecionou o menu de usuï¿½rio.
2025-05-19 12:05:08,684 - INFO - Encerramento do sistema solicitado.
2025-05-19 12:07:24,430 - INFO - Inï¿½cio da execuï¿½ï¿½o do sistema.
2025-05-19 12:07:26,411 - INFO - Usuï¿½rio selecionou o menu de administrador.
2025-05-19 12:10:46,785 - INFO - Inï¿½cio da execuï¿½ï¿½o do sistema.
2025-05-19 12:10:48,259 - INFO - Usuï¿½rio selecionou o menu de administrador.
2025-05-19 12:12:20,536 - INFO - Início da execução do sistema.
2025-05-19 12:12:22,264 - INFO - Usuário selecionou o menu de administrador.
2025-05-19 12:12:56,885 - INFO - Início da execução do sistema.
2025-05-19 12:13:00,529 - INFO - Usuário selecionou o menu de usuário.
2025-05-19 12:13:10,326 - INFO - Encerramento do sistema solicitado.
2025-05-19 12:24:20,254 - INFO - Início da execução do sistema.
2025-05-19 12:24:22,357 - INFO - Usuário selecionou o menu de usuário.
2025-05-19 12:24:33,659 - INFO - Encerramento do sistema solicitado.
