2025-05-15 00:15:10,005 - INFO - Admin 'admin' logado.
2025-05-15 00:16:05,638 - INFO - Curso cadastrado: Pensamento Lï¿½gico Computacional Iniciante (iniciante)
2025-05-15 00:17:44,197 - INFO - Curso cadastrado: Pensamento Lï¿½gico Computacional Intermediï¿½rio (intermediï¿½rio)
2025-05-15 00:18:11,781 - INFO - Curso cadastrado: Pensamento Lï¿½gico Computacional Avanï¿½ado (avanï¿½ado)
2025-05-15 00:20:32,367 - INFO - Curso cadastrado: Infraestrutura Computacional Iniciante (iniciante)
2025-05-15 00:20:59,455 - INFO - Curso cadastrado: Infraestrutura Computacional Intermediï¿½rio (intermediï¿½rio)
2025-05-15 00:21:28,222 - INFO - Curso cadastrado: Infraestrutura Computacional Avanï¿½ado (avanï¿½ado)
2025-05-15 00:22:43,663 - INFO - Curso cadastrado: Ciberseguranï¿½a Iniciante (iniciante)
2025-05-15 00:23:07,158 - INFO - Curso cadastrado: Ciberseguranï¿½a Intermediï¿½rio (intermediï¿½rio)
2025-05-15 00:23:47,118 - INFO - Curso cadastrado: Ciberseguranï¿½a Avanï¿½ado (avanï¿½ado)
2025-05-15 00:27:59,021 - INFO - Curso cadastrado: Tecnologia da Informaï¿½ï¿½o Iniciante (iniciante)
2025-05-15 00:29:13,133 - INFO - Admin 'admin' logado.
2025-05-15 00:30:00,276 - INFO - Curso cadastrado: Tecnologia da Informaï¿½ï¿½o Intermediï¿½rio (intermediï¿½rio)
2025-05-15 00:30:28,606 - INFO - Curso cadastrado: Tecnologia da Informaï¿½ï¿½o Avanï¿½ado (avanï¿½ado)
2025-05-15 00:31:38,210 - INFO - Curso cadastrado: Programaï¿½ï¿½o Bï¿½sica Iniciante (iniciante)
2025-05-15 00:32:22,661 - INFO - Curso cadastrado: Programaï¿½ï¿½o Bï¿½sica Intermediï¿½rio (intermediï¿½rio)
2025-05-15 00:33:01,596 - INFO - Curso cadastrado: Programaï¿½ï¿½o Bï¿½sica Avanï¿½ado (avanï¿½ado)
2025-05-15 00:35:16,347 - INFO - Curso cadastrado: Seguranï¿½a Digital e LGPD Iniciante (iniciante)
2025-05-15 00:35:50,548 - INFO - Curso cadastrado: Seguranï¿½a Digital e LGPD Intermediï¿½rio (intermediï¿½rio)
2025-05-15 00:36:14,827 - INFO - Curso cadastrado: Seguranï¿½a Digital e LGPD Avanï¿½ado (avanï¿½ado)
2025-05-15 01:24:54,682 - INFO - Admin 'admin' logado.
2025-05-15 01:26:09,331 - INFO - Admin realizou logout.
2025-05-15 01:34:40,831 - INFO - Admin 'admin' logado.
2025-05-15 02:12:43,008 - WARNING - Tentativa de login admin invï¿½lida.
2025-05-15 02:12:49,065 - INFO - Admin 'admin' logado.
2025-05-15 02:28:22,595 - INFO - Admin 'admin' logado.
2025-05-15 02:30:15,412 - INFO - Admin 'admin' logado.
2025-05-15 02:30:32,570 - INFO - Admin realizou logout.
2025-05-15 02:36:38,466 - INFO - Admin 'admin' logado.
2025-05-15 02:40:09,169 - INFO - Admin 'admin' logado.
2025-05-15 02:42:52,795 - INFO - Admin 'admin' logado.
2025-05-15 02:51:24,577 - INFO - Admin 'admin' logado.
2025-05-15 02:58:51,897 - INFO - Admin 'admin' logado.
2025-05-15 03:00:48,170 - INFO - Admin realizou logout.
2025-05-15 03:03:42,219 - INFO - Admin 'admin' logado.
2025-05-15 03:06:22,429 - INFO - Admin 'admin' logado.
2025-05-15 03:06:39,333 - INFO - Admin realizou logout.2025-05-19 12:04:13,021 - WARNING - Tentativa de login admin inválida.
2025-05-19 12:12:25,409 - INFO - Admin 'admin' logado.
2025-05-19 12:18:56,694 - INFO - Admin 'admin' logado.
