2025-05-19 12:50:42,827 - INFO - Inï¿½cio da execuï¿½ï¿½o do sistema.
2025-05-19 12:50:44,546 - INFO - Usuï¿½rio selecionou o menu de administrador.
2025-05-19 12:51:21,849 - INFO - Inï¿½cio da execuï¿½ï¿½o do sistema.
2025-05-19 12:51:23,564 - INFO - Encerramento do sistema solicitado.
2025-05-19 12:54:50,260 - INFO - Inï¿½cio da execuï¿½ï¿½o do sistema.
2025-05-19 12:54:51,772 - INFO - Usuï¿½rio selecionou o menu de administrador.
2025-05-19 12:56:42,814 - INFO - Encerramento do sistema solicitado.
2025-05-19 13:01:13,077 - INFO - Inï¿½cio da execuï¿½ï¿½o do sistema.
2025-05-19 13:01:14,656 - INFO - Usuï¿½rio selecionou o menu de administrador.
2025-05-19 13:17:40,042 - INFO - Inï¿½cio da execuï¿½ï¿½o do sistema.
2025-05-19 13:17:41,957 - INFO - Usuï¿½rio selecionou o menu de administrador.
2025-05-19 13:18:15,675 - INFO - Encerramento do sistema solicitado.
2025-05-19 13:18:33,748 - INFO - Inï¿½cio da execuï¿½ï¿½o do sistema.
2025-05-19 13:18:35,570 - INFO - Usuï¿½rio selecionou o menu de usuï¿½rio.
2025-05-19 13:20:37,745 - INFO - Inï¿½cio da execuï¿½ï¿½o do sistema.
2025-05-19 13:20:39,246 - INFO - Usuï¿½rio selecionou o menu de usuï¿½rio.
2025-05-19 13:21:13,959 - INFO - Inï¿½cio da execuï¿½ï¿½o do sistema.
2025-05-19 13:21:16,252 - INFO - Usuï¿½rio selecionou o menu de usuï¿½rio.
2025-05-19 13:21:49,117 - INFO - Encerramento do sistema solicitado.
2025-05-19 13:21:54,962 - INFO - Inï¿½cio da execuï¿½ï¿½o do sistema.
2025-05-19 13:21:58,294 - INFO - Usuï¿½rio selecionou o menu de usuï¿½rio.
2025-05-19 13:24:32,932 - INFO - Inï¿½cio da execuï¿½ï¿½o do sistema.
2025-05-19 13:24:34,354 - INFO - Usuï¿½rio selecionou o menu de usuï¿½rio.
2025-05-19 13:24:56,327 - INFO - Usuï¿½rio selecionou o menu de usuï¿½rio.
2025-05-19 13:26:07,181 - INFO - Inï¿½cio da execuï¿½ï¿½o do sistema.
2025-05-19 13:26:08,541 - INFO - Usuï¿½rio selecionou o menu de usuï¿½rio.
2025-05-19 13:28:05,935 - INFO - Inï¿½cio da execuï¿½ï¿½o do sistema.
2025-05-19 13:28:08,252 - INFO - Usuï¿½rio selecionou o menu de usuï¿½rio.
2025-05-19 13:28:46,311 - INFO - Encerramento do sistema solicitado.
2025-05-19 23:46:02,822 - INFO - Inï¿½cio da execuï¿½ï¿½o do sistema.
2025-05-19 23:46:05,446 - INFO - Usuï¿½rio selecionou o menu de usuï¿½rio.
2025-05-19 23:51:38,256 - INFO - Início da execução do sistema.
2025-05-19 23:52:03,581 - INFO - Início da execução do sistema.
2025-05-20 00:06:33,549 - INFO - Início da execução do sistema.
2025-05-20 00:06:42,953 - INFO - Usuário selecionou o menu de administrador.
2025-05-20 00:13:11,248 - INFO - Início da execução do sistema.
2025-05-20 00:13:13,066 - INFO - Usuário selecionou o menu de administrador.
2025-05-20 00:17:54,837 - INFO - Início da execução do sistema.
2025-05-20 00:17:56,412 - INFO - Usuário selecionou o menu de administrador.
2025-05-20 00:22:30,204 - INFO - Início da execução do sistema.
2025-05-20 00:22:34,199 - INFO - Usuário selecionou o menu de administrador.
2025-05-20 00:25:43,898 - INFO - Início da execução do sistema.
2025-05-20 00:25:45,443 - INFO - Usuário selecionou o menu de administrador.
2025-05-20 00:27:47,183 - INFO - Início da execução do sistema.
2025-05-20 00:27:50,962 - INFO - Usuário selecionou o menu de usuário.
2025-05-20 00:30:25,588 - INFO - Início da execução do sistema.
2025-05-20 00:30:27,856 - INFO - Usuário selecionou o menu de usuário.
2025-05-20 00:31:01,094 - INFO - Encerramento do sistema solicitado.
2025-05-20 00:33:00,347 - INFO - Início da execução do sistema.
2025-05-20 00:33:02,267 - INFO - Usuário selecionou o menu de usuário.
2025-05-20 00:38:27,659 - INFO - Início da execução do sistema.
2025-05-20 00:38:29,608 - INFO - Usuário selecionou o menu de usuário.
2025-05-20 00:39:19,924 - INFO - Início da execução do sistema.
2025-05-20 00:39:27,953 - INFO - Usuário selecionou o menu de usuário.
2025-05-20 00:42:02,198 - INFO - Início da execução do sistema.
2025-05-20 00:42:03,782 - INFO - Usuário selecionou o menu de usuário.
2025-05-20 00:44:07,967 - INFO - Início da execução do sistema.
2025-05-20 00:44:09,343 - INFO - Usuário selecionou o menu de usuário.
2025-05-20 00:45:06,971 - INFO - Início da execução do sistema.
2025-05-20 00:45:08,369 - INFO - Usuário selecionou o menu de usuário.
2025-05-20 00:47:14,447 - INFO - Início da execução do sistema.
2025-05-20 00:47:16,190 - INFO - Usuário selecionou o menu de usuário.
2025-05-21 12:30:13,261 - INFO - Início da execução do sistema.
2025-05-21 12:30:18,833 - INFO - Usuário selecionou o menu de administrador.
2025-05-21 13:47:03,710 - INFO - Início da execução do sistema.
